<?xml version="1.0" encoding="UTF-8"?>
<testsuites name="Different Search Test Suite" time="29" tests="2" failures="0" errors="0">
   <testsuite name="Different Search Test Suite" tests="2" failures="0" errors="0" time="29" timestamp="2019-09-20 21:51:55" hostname="BaPpY - 192.168.0.108" id="Test Suites/Example Suites/Different Search Test Suite">
      <properties>
         <property name="deviceName" value=""/>
         <property name="devicePlatform" value=""/>
         <property name="logFolder" value="G:\\Katalon Studio Safe Space\\JustAnotherExampleProject\\Reports\\Example Suites\\Different Search Test Suite\\20190920_215153"/>
         <property name="logFiles" value="G:\\Katalon Studio Safe Space\\JustAnotherExampleProject\\Reports\\Example Suites\\Different Search Test Suite\\20190920_215153\\execution0.log"/>
         <property name="attachments" value=""/>
         <property name="hostName" value="BaPpY - 192.168.0.108"/>
         <property name="os" value="Windows 10 64bit"/>
         <property name="katalonVersion" value="6.0.4.7"/>
         <property name="browser" value="Chrome 76.0.3809.132"/>
         <property name="hostAddress" value="192.168.0.108"/>
         <property name="sessionId" value="5f304df968ac85d5aa7c7c0b4595ec92"/>
         <property name="seleniumVersion" value="3.7.1"/>
         <property name="proxyInformation" value="ProxyInformation{proxyOption=NO_PROXY, proxyServerType=HTTP, password=, proxyServerAddress=, proxyServerPort=0}"/>
         <property name="platform" value="Windows 10"/>
      </properties>
      <testcase name="Test Cases/Record Tests/Google Search Test Case" classname="Test Cases/Record Tests/Google Search Test Case" status="PASSED">
         <system-out><![CDATA[2019-09-20 21:51:55 - [TEST_CASE][PASSED] - Test Cases/Record Tests/Google Search Test Case: Test Cases/Record Tests/Google Search Test Case

2019-09-20 21:51:56 - [TEST_STEP][PASSED] - openBrowser(""): Browser is opened with url: ''

2019-09-20 21:51:56 - [MESSAGE][INFO] - Starting 'Chrome' driver

2019-09-20 21:51:56 - [MESSAGE][INFO] - Action delay is set to 0 seconds

2019-09-20 21:52:00 - [MESSAGE][PASSED] - Browser is opened with url: ''

2019-09-20 21:52:00 - [TEST_STEP][PASSED] - navigateToUrl("https://www.google.com/?gws_rd=ssl"): Navigate to 'https://www.google.com/?gws_rd=ssl' successfully

2019-09-20 21:52:02 - [MESSAGE][PASSED] - Navigate to 'https://www.google.com/?gws_rd=ssl' successfully

2019-09-20 21:52:02 - [TEST_STEP][PASSED] - setText(findTestObject("Google Search/Page_Google/input_- _q"), "Automation"): Text 'Automation' is set on object 'Object Repository/Google Search/Page_Google/input_- _q'

2019-09-20 21:52:02 - [MESSAGE][PASSED] - Text 'Automation' is set on object 'Object Repository/Google Search/Page_Google/input_- _q'

2019-09-20 21:52:02 - [TEST_STEP][PASSED] - sendKeys(findTestObject("Google Search/Page_Google/input_- _q"), Keys.chord(ENTER), CONTINUE_ON_FAILURE): Keys 'ENTER + ' sent to object: 'Object Repository/Google Search/Page_Google/input_- _q'

2019-09-20 21:52:04 - [MESSAGE][PASSED] - Keys 'ENTER + ' sent to object: 'Object Repository/Google Search/Page_Google/input_- _q'

2019-09-20 21:52:04 - [TEST_STEP][PASSED] - click(findTestObject("Google Search/Page_Automation - Google/div_Automation - Wikipedia")): Object: 'Object Repository/Google Search/Page_Automation - Google/div_Automation - Wikipedia' is clicked on

2019-09-20 21:52:08 - [MESSAGE][PASSED] - Object: 'Object Repository/Google Search/Page_Automation - Google/div_Automation - Wikipedia' is clicked on

2019-09-20 21:52:08 - [TEST_STEP][PASSED] - click(findTestObject("Google Search/Page_Automation - Wikipedia/a_Outline of automation")): Object: 'Object Repository/Google Search/Page_Automation - Wikipedia/a_Outline of automation' is clicked on

2019-09-20 21:52:08 - [MESSAGE][PASSED] - Object: 'Object Repository/Google Search/Page_Automation - Wikipedia/a_Outline of automation' is clicked on

2019-09-20 21:52:08 - [TEST_STEP][PASSED] - click(findTestObject("Google Search/Page_Outline of automation - Wikipe/span_Branches of automation")): Object: 'Object Repository/Google Search/Page_Outline of automation - Wikipe/span_Branches of automation' is clicked on

2019-09-20 21:52:09 - [MESSAGE][PASSED] - Object: 'Object Repository/Google Search/Page_Outline of automation - Wikipe/span_Branches of automation' is clicked on

2019-09-20 21:52:09 - [TEST_STEP][PASSED] - click(findTestObject("Google Search/Page_Outline of automation - Wikipe/a_Autonomous automation")): Object: 'Object Repository/Google Search/Page_Outline of automation - Wikipe/a_Autonomous automation' is clicked on

2019-09-20 21:52:10 - [MESSAGE][PASSED] - Object: 'Object Repository/Google Search/Page_Outline of automation - Wikipe/a_Autonomous automation' is clicked on

2019-09-20 21:52:10 - [TEST_STEP][PASSED] - closeBrowser(): Browser is closed

2019-09-20 21:52:10 - [MESSAGE][PASSED] - Browser is closed]]></system-out>
         <system-err><![CDATA[]]></system-err>
      </testcase>
      <testcase name="Test Cases/Record Tests/Grizzly Domain Search Test Case" classname="Test Cases/Record Tests/Grizzly Domain Search Test Case" status="PASSED">
         <system-out><![CDATA[2019-09-20 21:52:10 - [TEST_CASE][PASSED] - Test Cases/Record Tests/Grizzly Domain Search Test Case: Test Cases/Record Tests/Grizzly Domain Search Test Case

2019-09-20 21:52:11 - [TEST_STEP][PASSED] - openBrowser(""): Browser is opened with url: ''

2019-09-20 21:52:11 - [MESSAGE][INFO] - Starting 'Chrome' driver

2019-09-20 21:52:13 - [MESSAGE][PASSED] - Browser is opened with url: ''

2019-09-20 21:52:13 - [TEST_STEP][PASSED] - navigateToUrl("https://goldgrizzly.com/"): Navigate to 'https://goldgrizzly.com/' successfully

2019-09-20 21:52:17 - [MESSAGE][PASSED] - Navigate to 'https://goldgrizzly.com/' successfully

2019-09-20 21:52:17 - [TEST_STEP][PASSED] - setText(findTestObject("Object Repository/GoldGrizzly Domain Name Search/Page_Gold Grizzly/input_Search_q"), "Waygreen"): Text 'Waygreen' is set on object 'Object Repository/GoldGrizzly Domain Name Search/Page_Gold Grizzly/input_Search_q'

2019-09-20 21:52:17 - [MESSAGE][PASSED] - Text 'Waygreen' is set on object 'Object Repository/GoldGrizzly Domain Name Search/Page_Gold Grizzly/input_Search_q'

2019-09-20 21:52:17 - [TEST_STEP][PASSED] - click(findTestObject("Object Repository/GoldGrizzly Domain Name Search/Page_Waygreen  Gold Grizzly/button_Search")): Object: 'Object Repository/GoldGrizzly Domain Name Search/Page_Waygreen  Gold Grizzly/button_Search' is clicked on

2019-09-20 21:52:18 - [MESSAGE][PASSED] - Object: 'Object Repository/GoldGrizzly Domain Name Search/Page_Waygreen  Gold Grizzly/button_Search' is clicked on

2019-09-20 21:52:18 - [TEST_STEP][PASSED] - click(findTestObject("Object Repository/GoldGrizzly Domain Name Search/Page_Waygreen  Gold Grizzly/img_concat(Your search for   W")): Object: 'Object Repository/GoldGrizzly Domain Name Search/Page_Waygreen  Gold Grizzly/img_concat(Your search for   W' is clicked on

2019-09-20 21:52:23 - [MESSAGE][PASSED] - Object: 'Object Repository/GoldGrizzly Domain Name Search/Page_Waygreen  Gold Grizzly/img_concat(Your search for   W' is clicked on

2019-09-20 21:52:23 - [TEST_STEP][PASSED] - click(findTestObject("Object Repository/GoldGrizzly Domain Name Search/Page_Waygreen.com  Gold Grizzly/img_Check Out_HeaderLogo")): Object: 'Object Repository/GoldGrizzly Domain Name Search/Page_Waygreen.com  Gold Grizzly/img_Check Out_HeaderLogo' is clicked on

2019-09-20 21:52:24 - [MESSAGE][PASSED] - Object: 'Object Repository/GoldGrizzly Domain Name Search/Page_Waygreen.com  Gold Grizzly/img_Check Out_HeaderLogo' is clicked on

2019-09-20 21:52:24 - [TEST_STEP][PASSED] - closeBrowser(): Browser is closed

2019-09-20 21:52:25 - [MESSAGE][PASSED] - Browser is closed]]></system-out>
         <system-err><![CDATA[]]></system-err>
      </testcase>
      <system-out><![CDATA[2019-09-20 21:51:55 - [TEST_SUITE][PASSED] - Different Search Test Suite: Test Cases/Record Tests/Grizzly Domain Search Test Case]]></system-out>
      <system-err><![CDATA[]]></system-err>
   </testsuite>
</testsuites>
